<?xml version="1.0" encoding="utf-8"?>
<test-run id="2" testcasecount="1" result="Passed" total="1" passed="1" failed="0" inconclusive="0" skipped="0" asserts="0" engine-version="3.5.0.0" clr-version="4.0.30319.42000" start-time="2026-07-18 09:09:11Z" end-time="2026-07-18 09:09:14Z" duration="2.5790521">
  <test-suite type="TestSuite" id="1015" name="Drift Together" fullname="Drift Together" runstate="Runnable" testcasecount="4" result="Passed" start-time="2026-07-18 09:09:11Z" end-time="2026-07-18 09:09:14Z" duration="2.579052" total="1" passed="1" failed="0" inconclusive="0" skipped="0" asserts="0">
    <properties>
      <property name="platform" value="PlayMode" />
    </properties>
    <test-suite type="Assembly" id="1009" name="DriftTogether.Tests.PlayMode.dll" fullname="/Users/vraiuk/WebstormProjects/drift-together/DriftTogether/Library/ScriptAssemblies/DriftTogether.Tests.PlayMode.dll" runstate="Runnable" testcasecount="4" result="Passed" start-time="2026-07-18 09:09:11Z" end-time="2026-07-18 09:09:14Z" duration="2.575697" total="1" passed="1" failed="0" inconclusive="0" skipped="0" asserts="0">
      <properties>
        <property name="_PID" value="95079" />
        <property name="_APPDOMAIN" value="Unity Child Domain" />
        <property name="platform" value="PlayMode" />
        <property name="EditorOnly" value="False" />
      </properties>
      <test-suite type="TestSuite" id="1010" name="DriftTogether" fullname="DriftTogether" runstate="Runnable" testcasecount="4" result="Passed" start-time="2026-07-18 09:09:11Z" end-time="2026-07-18 09:09:14Z" duration="2.575435" total="1" passed="1" failed="0" inconclusive="0" skipped="0" asserts="0">
        <properties />
        <test-suite type="TestSuite" id="1011" name="Tests" fullname="DriftTogether.Tests" runstate="Runnable" testcasecount="4" result="Passed" start-time="2026-07-18 09:09:11Z" end-time="2026-07-18 09:09:14Z" duration="2.575210" total="1" passed="1" failed="0" inconclusive="0" skipped="0" asserts="0">
          <properties />
          <test-suite type="TestFixture" id="1005" name="RelayCheckTests" fullname="DriftTogether.Tests.RelayCheckTests" classname="DriftTogether.Tests.RelayCheckTests" runstate="Explicit" testcasecount="1" result="Passed" start-time="2026-07-18 09:09:11Z" end-time="2026-07-18 09:09:14Z" duration="2.574595" total="1" passed="1" failed="0" inconclusive="0" skipped="0" asserts="0">
            <properties>
              <property name="_SKIPREASON" value="hits live Unity Gaming Services" />
            </properties>
            <test-case id="1006" name="RelayAllocationAndJoinCodeWork" fullname="DriftTogether.Tests.RelayCheckTests.RelayAllocationAndJoinCodeWork" methodname="RelayAllocationAndJoinCodeWork" classname="DriftTogether.Tests.RelayCheckTests" runstate="Runnable" seed="438464973" result="Passed" start-time="2026-07-18 09:09:11Z" end-time="2026-07-18 09:09:14Z" duration="2.570318" asserts="0">
              <properties>
                <property name="_JOINTYPE" value="UnityCombinatorial" />
                <property name="Timeout" value="120000" />
                <property name="retryIteration" value="0" />
                <property name="repeatIteration" value="0" />
              </properties>
              <output><![CDATA[best region is europe-west4
[RelayCheck] join code: 9H8P8N
Saving results to: /Users/vraiuk/Library/Application Support/DriftTogether/Drift Together/TestResults.xml
]]></output>
            </test-case>
          </test-suite>
        </test-suite>
      </test-suite>
    </test-suite>
  </test-suite>
</test-run>