<?xml version="1.0" encoding="utf-8"?>
<test-run id="2" testcasecount="1" result="Passed" total="1" passed="1" failed="0" inconclusive="0" skipped="0" asserts="0" engine-version="3.5.0.0" clr-version="4.0.30319.42000" start-time="2026-07-17 22:24:56Z" end-time="2026-07-17 22:25:26Z" duration="30.6221358">
  <test-suite type="TestSuite" id="1009" name="Drift Together" fullname="Drift Together" runstate="Runnable" testcasecount="1" result="Passed" start-time="2026-07-17 22:24:56Z" end-time="2026-07-17 22:25:26Z" duration="30.622136" total="1" passed="1" failed="0" inconclusive="0" skipped="0" asserts="0">
    <properties>
      <property name="platform" value="PlayMode" />
    </properties>
    <test-suite type="Assembly" id="1003" name="DriftTogether.Tests.PlayMode.dll" fullname="/Users/vraiuk/WebstormProjects/drift-together/DriftTogether/Library/ScriptAssemblies/DriftTogether.Tests.PlayMode.dll" runstate="Runnable" testcasecount="1" result="Passed" start-time="2026-07-17 22:24:56Z" end-time="2026-07-17 22:25:26Z" duration="30.618847" total="1" passed="1" failed="0" inconclusive="0" skipped="0" asserts="0">
      <properties>
        <property name="_PID" value="66902" />
        <property name="_APPDOMAIN" value="Unity Child Domain" />
        <property name="platform" value="PlayMode" />
        <property name="EditorOnly" value="False" />
      </properties>
      <test-suite type="TestSuite" id="1004" name="DriftTogether" fullname="DriftTogether" runstate="Runnable" testcasecount="1" result="Passed" start-time="2026-07-17 22:24:56Z" end-time="2026-07-17 22:25:26Z" duration="30.618517" total="1" passed="1" failed="0" inconclusive="0" skipped="0" asserts="0">
        <properties />
        <test-suite type="TestSuite" id="1005" name="Tests" fullname="DriftTogether.Tests" runstate="Runnable" testcasecount="1" result="Passed" start-time="2026-07-17 22:24:56Z" end-time="2026-07-17 22:25:26Z" duration="30.618299" total="1" passed="1" failed="0" inconclusive="0" skipped="0" asserts="0">
          <properties />
          <test-suite type="TestFixture" id="1001" name="SmokePlaythroughTests" fullname="DriftTogether.Tests.SmokePlaythroughTests" classname="DriftTogether.Tests.SmokePlaythroughTests" runstate="Runnable" testcasecount="1" result="Passed" start-time="2026-07-17 22:24:56Z" end-time="2026-07-17 22:25:26Z" duration="30.617759" total="1" passed="1" failed="0" inconclusive="0" skipped="0" asserts="0">
            <properties />
            <test-case id="1002" name="FullPlaythroughReachesResultsAndReturnsToMenu" fullname="DriftTogether.Tests.SmokePlaythroughTests.FullPlaythroughReachesResultsAndReturnsToMenu" methodname="FullPlaythroughReachesResultsAndReturnsToMenu" classname="DriftTogether.Tests.SmokePlaythroughTests" runstate="Runnable" seed="2078901337" result="Passed" start-time="2026-07-17 22:24:56Z" end-time="2026-07-17 22:25:26Z" duration="30.613091" asserts="0">
              <properties>
                <property name="_JOINTYPE" value="UnityCombinatorial" />
                <property name="Timeout" value="900000" />
                <property name="retryIteration" value="0" />
                <property name="repeatIteration" value="0" />
              </properties>
              <output><![CDATA[Saving results to: /Users/vraiuk/Library/Application Support/DriftTogether/Drift Together/TestResults.xml
]]></output>
            </test-case>
          </test-suite>
        </test-suite>
      </test-suite>
    </test-suite>
  </test-suite>
</test-run>