<?xml version="1.0" encoding="utf-8"?>
<test-run id="2" testcasecount="21" result="Passed" total="21" passed="21" failed="0" inconclusive="0" skipped="0" asserts="0" engine-version="3.5.0.0" clr-version="4.0.30319.42000" start-time="2026-07-17 23:50:56Z" end-time="2026-07-17 23:50:56Z" duration="0.0228288">
  <test-suite type="TestSuite" id="1000" name="Drift Together" fullname="Drift Together" runstate="Runnable" testcasecount="21" result="Passed" start-time="2026-07-17 23:50:56Z" end-time="2026-07-17 23:50:56Z" duration="0.022829" total="21" passed="21" failed="0" inconclusive="0" skipped="0" asserts="0">
    <properties>
      <property name="platform" value="EditMode" />
    </properties>
    <test-suite type="Assembly" id="1031" name="DriftTogether.Tests.EditMode.dll" fullname="/Users/vraiuk/WebstormProjects/drift-together/DriftTogether/Library/ScriptAssemblies/DriftTogether.Tests.EditMode.dll" runstate="Runnable" testcasecount="21" result="Passed" start-time="2026-07-17 23:50:56Z" end-time="2026-07-17 23:50:56Z" duration="0.019893" total="21" passed="21" failed="0" inconclusive="0" skipped="0" asserts="0">
      <properties>
        <property name="_PID" value="73415" />
        <property name="_APPDOMAIN" value="Unity Child Domain" />
        <property name="platform" value="EditMode" />
        <property name="EditorOnly" value="True" />
      </properties>
      <test-suite type="TestSuite" id="1032" name="DriftTogether" fullname="DriftTogether" runstate="Runnable" testcasecount="21" result="Passed" start-time="2026-07-17 23:50:56Z" end-time="2026-07-17 23:50:56Z" duration="0.019693" total="21" passed="21" failed="0" inconclusive="0" skipped="0" asserts="0">
        <properties />
        <test-suite type="TestSuite" id="1033" name="Tests" fullname="DriftTogether.Tests" runstate="Runnable" testcasecount="21" result="Passed" start-time="2026-07-17 23:50:56Z" end-time="2026-07-17 23:50:56Z" duration="0.019557" total="21" passed="21" failed="0" inconclusive="0" skipped="0" asserts="0">
          <properties />
          <test-suite type="TestFixture" id="1022" name="CheckpointSystemTests" fullname="DriftTogether.Tests.CheckpointSystemTests" classname="DriftTogether.Tests.CheckpointSystemTests" runstate="Runnable" testcasecount="1" result="Passed" start-time="2026-07-17 23:50:56Z" end-time="2026-07-17 23:50:56Z" duration="0.009825" total="1" passed="1" failed="0" inconclusive="0" skipped="0" asserts="0">
            <properties />
            <test-case id="1023" name="RespawnUsesTheLatestCheckpoint" fullname="DriftTogether.Tests.CheckpointSystemTests.RespawnUsesTheLatestCheckpoint" methodname="RespawnUsesTheLatestCheckpoint" classname="DriftTogether.Tests.CheckpointSystemTests" runstate="Runnable" seed="192261593" result="Passed" start-time="2026-07-17 23:50:56Z" end-time="2026-07-17 23:50:56Z" duration="0.005671" asserts="0">
              <properties>
                <property name="retryIteration" value="0" />
                <property name="repeatIteration" value="0" />
              </properties>
            </test-case>
          </test-suite>
          <test-suite type="TestFixture" id="1001" name="CoopStatsTests" fullname="DriftTogether.Tests.CoopStatsTests" classname="DriftTogether.Tests.CoopStatsTests" runstate="Runnable" testcasecount="4" result="Passed" start-time="2026-07-17 23:50:56Z" end-time="2026-07-17 23:50:56Z" duration="0.002238" total="4" passed="4" failed="0" inconclusive="0" skipped="0" asserts="0">
            <properties />
            <test-case id="1003" name="DryNominationListsOnlyDryPlayers" fullname="DriftTogether.Tests.CoopStatsTests.DryNominationListsOnlyDryPlayers" methodname="DryNominationListsOnlyDryPlayers" classname="DriftTogether.Tests.CoopStatsTests" runstate="Runnable" seed="1842365803" result="Passed" start-time="2026-07-17 23:50:56Z" end-time="2026-07-17 23:50:56Z" duration="0.001236" asserts="0">
              <properties>
                <property name="retryIteration" value="0" />
                <property name="repeatIteration" value="0" />
              </properties>
            </test-case>
            <test-case id="1004" name="EmptyMetricsProduceNoNomination" fullname="DriftTogether.Tests.CoopStatsTests.EmptyMetricsProduceNoNomination" methodname="EmptyMetricsProduceNoNomination" classname="DriftTogether.Tests.CoopStatsTests" runstate="Runnable" seed="996274931" result="Passed" start-time="2026-07-17 23:50:56Z" end-time="2026-07-17 23:50:56Z" duration="0.000245" asserts="0">
              <properties>
                <property name="retryIteration" value="0" />
                <property name="repeatIteration" value="0" />
              </properties>
            </test-case>
            <test-case id="1002" name="NominationsPickMaxPerCategory" fullname="DriftTogether.Tests.CoopStatsTests.NominationsPickMaxPerCategory" methodname="NominationsPickMaxPerCategory" classname="DriftTogether.Tests.CoopStatsTests" runstate="Runnable" seed="1172420921" result="Passed" start-time="2026-07-17 23:50:56Z" end-time="2026-07-17 23:50:56Z" duration="0.000137" asserts="0">
              <properties>
                <property name="retryIteration" value="0" />
                <property name="repeatIteration" value="0" />
              </properties>
            </test-case>
            <test-case id="1005" name="PlayersGetStableNamesById" fullname="DriftTogether.Tests.CoopStatsTests.PlayersGetStableNamesById" methodname="PlayersGetStableNamesById" classname="DriftTogether.Tests.CoopStatsTests" runstate="Runnable" seed="1520934304" result="Passed" start-time="2026-07-17 23:50:56Z" end-time="2026-07-17 23:50:56Z" duration="0.000128" asserts="0">
              <properties>
                <property name="retryIteration" value="0" />
                <property name="repeatIteration" value="0" />
              </properties>
            </test-case>
          </test-suite>
          <test-suite type="TestFixture" id="1029" name="DialogueQueueTests" fullname="DriftTogether.Tests.DialogueQueueTests" classname="DriftTogether.Tests.DialogueQueueTests" runstate="Runnable" testcasecount="1" result="Passed" start-time="2026-07-17 23:50:56Z" end-time="2026-07-17 23:50:56Z" duration="0.001594" total="1" passed="1" failed="0" inconclusive="0" skipped="0" asserts="0">
            <properties />
            <test-case id="1030" name="CategoryCooldownPreventsSpam" fullname="DriftTogether.Tests.DialogueQueueTests.CategoryCooldownPreventsSpam" methodname="CategoryCooldownPreventsSpam" classname="DriftTogether.Tests.DialogueQueueTests" runstate="Runnable" seed="609807296" result="Passed" start-time="2026-07-17 23:50:56Z" end-time="2026-07-17 23:50:56Z" duration="0.001302" asserts="0">
              <properties>
                <property name="retryIteration" value="0" />
                <property name="repeatIteration" value="0" />
              </properties>
            </test-case>
          </test-suite>
          <test-suite type="TestFixture" id="1016" name="HullIntegrityMaxPointsTests" fullname="DriftTogether.Tests.HullIntegrityMaxPointsTests" classname="DriftTogether.Tests.HullIntegrityMaxPointsTests" runstate="Runnable" testcasecount="1" result="Passed" start-time="2026-07-17 23:50:56Z" end-time="2026-07-17 23:50:56Z" duration="0.000689" total="1" passed="1" failed="0" inconclusive="0" skipped="0" asserts="0">
            <properties />
            <test-case id="1017" name="CustomMaxPointsWorkForRaft" fullname="DriftTogether.Tests.HullIntegrityMaxPointsTests.CustomMaxPointsWorkForRaft" methodname="CustomMaxPointsWorkForRaft" classname="DriftTogether.Tests.HullIntegrityMaxPointsTests" runstate="Runnable" seed="1467241521" result="Passed" start-time="2026-07-17 23:50:56Z" end-time="2026-07-17 23:50:56Z" duration="0.000412" asserts="0">
              <properties>
                <property name="retryIteration" value="0" />
                <property name="repeatIteration" value="0" />
              </properties>
            </test-case>
          </test-suite>
          <test-suite type="TestFixture" id="1018" name="HullIntegrityTests" fullname="DriftTogether.Tests.HullIntegrityTests" classname="DriftTogether.Tests.HullIntegrityTests" runstate="Runnable" testcasecount="3" result="Passed" start-time="2026-07-17 23:50:56Z" end-time="2026-07-17 23:50:56Z" duration="0.000660" total="3" passed="3" failed="0" inconclusive="0" skipped="0" asserts="0">
            <properties />
            <test-case id="1021" name="BreaksAtZeroAndRestoresToFull" fullname="DriftTogether.Tests.HullIntegrityTests.BreaksAtZeroAndRestoresToFull" methodname="BreaksAtZeroAndRestoresToFull" classname="DriftTogether.Tests.HullIntegrityTests" runstate="Runnable" seed="235711423" result="Passed" start-time="2026-07-17 23:50:56Z" end-time="2026-07-17 23:50:56Z" duration="0.000132" asserts="0">
              <properties>
                <property name="retryIteration" value="0" />
                <property name="repeatIteration" value="0" />
              </properties>
            </test-case>
            <test-case id="1020" name="InvulnerabilityWindowBlocksImmediateSecondHit" fullname="DriftTogether.Tests.HullIntegrityTests.InvulnerabilityWindowBlocksImmediateSecondHit" methodname="InvulnerabilityWindowBlocksImmediateSecondHit" classname="DriftTogether.Tests.HullIntegrityTests" runstate="Runnable" seed="1111563743" result="Passed" start-time="2026-07-17 23:50:56Z" end-time="2026-07-17 23:50:56Z" duration="0.000075" asserts="0">
              <properties>
                <property name="retryIteration" value="0" />
                <property name="repeatIteration" value="0" />
              </properties>
            </test-case>
            <test-case id="1019" name="StartsAtMaxAndLosesOnePointPerHit" fullname="DriftTogether.Tests.HullIntegrityTests.StartsAtMaxAndLosesOnePointPerHit" methodname="StartsAtMaxAndLosesOnePointPerHit" classname="DriftTogether.Tests.HullIntegrityTests" runstate="Runnable" seed="1693669858" result="Passed" start-time="2026-07-17 23:50:56Z" end-time="2026-07-17 23:50:56Z" duration="0.000046" asserts="0">
              <properties>
                <property name="retryIteration" value="0" />
                <property name="repeatIteration" value="0" />
              </properties>
            </test-case>
          </test-suite>
          <test-suite type="TestFixture" id="1024" name="MushroomTrackerTests" fullname="DriftTogether.Tests.MushroomTrackerTests" classname="DriftTogether.Tests.MushroomTrackerTests" runstate="Runnable" testcasecount="2" result="Passed" start-time="2026-07-17 23:50:56Z" end-time="2026-07-17 23:50:56Z" duration="0.000588" total="2" passed="2" failed="0" inconclusive="0" skipped="0" asserts="0">
            <properties />
            <test-case id="1025" name="CountsEachMushroomOnlyOnce" fullname="DriftTogether.Tests.MushroomTrackerTests.CountsEachMushroomOnlyOnce" methodname="CountsEachMushroomOnlyOnce" classname="DriftTogether.Tests.MushroomTrackerTests" runstate="Runnable" seed="1975648376" result="Passed" start-time="2026-07-17 23:50:56Z" end-time="2026-07-17 23:50:56Z" duration="0.000264" asserts="0">
              <properties>
                <property name="retryIteration" value="0" />
                <property name="repeatIteration" value="0" />
              </properties>
            </test-case>
            <test-case id="1026" name="SurvivesRespawnScenario" fullname="DriftTogether.Tests.MushroomTrackerTests.SurvivesRespawnScenario" methodname="SurvivesRespawnScenario" classname="DriftTogether.Tests.MushroomTrackerTests" runstate="Runnable" seed="516283946" result="Passed" start-time="2026-07-17 23:50:56Z" end-time="2026-07-17 23:50:56Z" duration="0.000052" asserts="0">
              <properties>
                <property name="retryIteration" value="0" />
                <property name="repeatIteration" value="0" />
              </properties>
            </test-case>
          </test-suite>
          <test-suite type="TestFixture" id="1006" name="PostSystemTests" fullname="DriftTogether.Tests.PostSystemTests" classname="DriftTogether.Tests.PostSystemTests" runstate="Runnable" testcasecount="4" result="Passed" start-time="2026-07-17 23:50:56Z" end-time="2026-07-17 23:50:56Z" duration="0.001906" total="4" passed="4" failed="0" inconclusive="0" skipped="0" asserts="0">
            <properties />
            <test-case id="1010" name="NonePostCannotBeOccupied" fullname="DriftTogether.Tests.PostSystemTests.NonePostCannotBeOccupied" methodname="NonePostCannotBeOccupied" classname="DriftTogether.Tests.PostSystemTests" runstate="Runnable" seed="1449020939" result="Passed" start-time="2026-07-17 23:50:56Z" end-time="2026-07-17 23:50:56Z" duration="0.000215" asserts="0">
              <properties>
                <property name="retryIteration" value="0" />
                <property name="repeatIteration" value="0" />
              </properties>
            </test-case>
            <test-case id="1007" name="OnePlayerPerPost" fullname="DriftTogether.Tests.PostSystemTests.OnePlayerPerPost" methodname="OnePlayerPerPost" classname="DriftTogether.Tests.PostSystemTests" runstate="Runnable" seed="480874873" result="Passed" start-time="2026-07-17 23:50:56Z" end-time="2026-07-17 23:50:56Z" duration="0.000831" asserts="0">
              <properties>
                <property name="retryIteration" value="0" />
                <property name="repeatIteration" value="0" />
              </properties>
            </test-case>
            <test-case id="1009" name="ReleaseAllOnOverboard" fullname="DriftTogether.Tests.PostSystemTests.ReleaseAllOnOverboard" methodname="ReleaseAllOnOverboard" classname="DriftTogether.Tests.PostSystemTests" runstate="Runnable" seed="1191426519" result="Passed" start-time="2026-07-17 23:50:56Z" end-time="2026-07-17 23:50:56Z" duration="0.000344" asserts="0">
              <properties>
                <property name="retryIteration" value="0" />
                <property name="repeatIteration" value="0" />
              </properties>
            </test-case>
            <test-case id="1008" name="SwitchingPostsReleasesThePreviousOne" fullname="DriftTogether.Tests.PostSystemTests.SwitchingPostsReleasesThePreviousOne" methodname="SwitchingPostsReleasesThePreviousOne" classname="DriftTogether.Tests.PostSystemTests" runstate="Runnable" seed="130600381" result="Passed" start-time="2026-07-17 23:50:56Z" end-time="2026-07-17 23:50:56Z" duration="0.000094" asserts="0">
              <properties>
                <property name="retryIteration" value="0" />
                <property name="repeatIteration" value="0" />
              </properties>
            </test-case>
          </test-suite>
          <test-suite type="TestFixture" id="1027" name="RunStatsTests" fullname="DriftTogether.Tests.RunStatsTests" classname="DriftTogether.Tests.RunStatsTests" runstate="Runnable" testcasecount="1" result="Passed" start-time="2026-07-17 23:50:56Z" end-time="2026-07-17 23:50:56Z" duration="0.000394" total="1" passed="1" failed="0" inconclusive="0" skipped="0" asserts="0">
            <properties />
            <test-case id="1028" name="RouteChoiceIsStoredForResults" fullname="DriftTogether.Tests.RunStatsTests.RouteChoiceIsStoredForResults" methodname="RouteChoiceIsStoredForResults" classname="DriftTogether.Tests.RunStatsTests" runstate="Runnable" seed="38388274" result="Passed" start-time="2026-07-17 23:50:56Z" end-time="2026-07-17 23:50:56Z" duration="0.000104" asserts="0">
              <properties>
                <property name="retryIteration" value="0" />
                <property name="repeatIteration" value="0" />
              </properties>
            </test-case>
          </test-suite>
          <test-suite type="TestFixture" id="1011" name="WetStatusTests" fullname="DriftTogether.Tests.WetStatusTests" classname="DriftTogether.Tests.WetStatusTests" runstate="Runnable" testcasecount="4" result="Passed" start-time="2026-07-17 23:50:56Z" end-time="2026-07-17 23:50:56Z" duration="0.001029" total="4" passed="4" failed="0" inconclusive="0" skipped="0" asserts="0">
            <properties />
            <test-case id="1014" name="CampfireDriesFourTimesFaster" fullname="DriftTogether.Tests.WetStatusTests.CampfireDriesFourTimesFaster" methodname="CampfireDriesFourTimesFaster" classname="DriftTogether.Tests.WetStatusTests" runstate="Runnable" seed="1061840505" result="Passed" start-time="2026-07-17 23:50:56Z" end-time="2026-07-17 23:50:56Z" duration="0.000110" asserts="0">
              <properties>
                <property name="retryIteration" value="0" />
                <property name="repeatIteration" value="0" />
              </properties>
            </test-case>
            <test-case id="1013" name="DriesInSixtySecondsAwayFromFire" fullname="DriftTogether.Tests.WetStatusTests.DriesInSixtySecondsAwayFromFire" methodname="DriesInSixtySecondsAwayFromFire" classname="DriftTogether.Tests.WetStatusTests" runstate="Runnable" seed="1676770096" result="Passed" start-time="2026-07-17 23:50:56Z" end-time="2026-07-17 23:50:56Z" duration="0.000216" asserts="0">
              <properties>
                <property name="retryIteration" value="0" />
                <property name="repeatIteration" value="0" />
              </properties>
            </test-case>
            <test-case id="1015" name="ResoakResetsTimerAndAccumulatesTotal" fullname="DriftTogether.Tests.WetStatusTests.ResoakResetsTimerAndAccumulatesTotal" methodname="ResoakResetsTimerAndAccumulatesTotal" classname="DriftTogether.Tests.WetStatusTests" runstate="Runnable" seed="916860800" result="Passed" start-time="2026-07-17 23:50:56Z" end-time="2026-07-17 23:50:56Z" duration="0.000293" asserts="0">
              <properties>
                <property name="retryIteration" value="0" />
                <property name="repeatIteration" value="0" />
              </properties>
            </test-case>
            <test-case id="1012" name="SoakMakesWetAndSlow" fullname="DriftTogether.Tests.WetStatusTests.SoakMakesWetAndSlow" methodname="SoakMakesWetAndSlow" classname="DriftTogether.Tests.WetStatusTests" runstate="Runnable" seed="63910500" result="Passed" start-time="2026-07-17 23:50:56Z" end-time="2026-07-17 23:50:56Z" duration="0.000052" asserts="0">
              <properties>
                <property name="retryIteration" value="0" />
                <property name="repeatIteration" value="0" />
              </properties>
              <output><![CDATA[Saving results to: /Users/vraiuk/Library/Application Support/DriftTogether/Drift Together/TestResults.xml
]]></output>
            </test-case>
          </test-suite>
        </test-suite>
      </test-suite>
    </test-suite>
  </test-suite>
</test-run>