<?xml version="1.0" encoding="utf-8"?>
<test-run id="2" testcasecount="3" result="Failed(Child)" total="3" passed="2" failed="1" inconclusive="0" skipped="0" asserts="0" engine-version="3.5.0.0" clr-version="4.0.30319.42000" start-time="2026-07-18 00:16:09Z" end-time="2026-07-18 00:30:43Z" duration="874.2203162">
  <test-suite type="TestSuite" id="1013" name="Drift Together" fullname="Drift Together" runstate="Runnable" testcasecount="3" result="Failed" site="Child" start-time="2026-07-18 00:16:09Z" end-time="2026-07-18 00:30:43Z" duration="874.220316" total="3" passed="2" failed="1" inconclusive="0" skipped="0" asserts="0">
    <properties>
      <property name="platform" value="PlayMode" />
    </properties>
    <failure>
      <message><![CDATA[One or more child tests had errors]]></message>
    </failure>
    <test-suite type="Assembly" id="1007" name="DriftTogether.Tests.PlayMode.dll" fullname="/Users/vraiuk/WebstormProjects/drift-together/DriftTogether/Library/ScriptAssemblies/DriftTogether.Tests.PlayMode.dll" runstate="Runnable" testcasecount="3" result="Failed" site="Child" start-time="2026-07-18 00:16:09Z" end-time="2026-07-18 00:30:43Z" duration="874.217082" total="3" passed="2" failed="1" inconclusive="0" skipped="0" asserts="0">
      <properties>
        <property name="_PID" value="75167" />
        <property name="_APPDOMAIN" value="Unity Child Domain" />
        <property name="platform" value="PlayMode" />
        <property name="EditorOnly" value="False" />
      </properties>
      <failure>
        <message><![CDATA[One or more child tests had errors]]></message>
      </failure>
      <test-suite type="TestSuite" id="1008" name="DriftTogether" fullname="DriftTogether" runstate="Runnable" testcasecount="3" result="Failed" site="Child" start-time="2026-07-18 00:16:09Z" end-time="2026-07-18 00:30:43Z" duration="874.216813" total="3" passed="2" failed="1" inconclusive="0" skipped="0" asserts="0">
        <properties />
        <failure>
          <message><![CDATA[One or more child tests had errors]]></message>
        </failure>
        <test-suite type="TestSuite" id="1009" name="Tests" fullname="DriftTogether.Tests" runstate="Runnable" testcasecount="3" result="Failed" site="Child" start-time="2026-07-18 00:16:09Z" end-time="2026-07-18 00:30:43Z" duration="874.216583" total="3" passed="2" failed="1" inconclusive="0" skipped="0" asserts="0">
          <properties />
          <failure>
            <message><![CDATA[One or more child tests had errors]]></message>
          </failure>
          <test-suite type="TestFixture" id="1001" name="CoopNetworkTests" fullname="DriftTogether.Tests.CoopNetworkTests" classname="DriftTogether.Tests.CoopNetworkTests" runstate="Runnable" testcasecount="1" result="Passed" start-time="2026-07-18 00:16:09Z" end-time="2026-07-18 00:16:10Z" duration="0.645577" total="1" passed="1" failed="0" inconclusive="0" skipped="0" asserts="0">
            <properties />
            <test-case id="1002" name="HostLocalSpawnsRaftAndAvatar" fullname="DriftTogether.Tests.CoopNetworkTests.HostLocalSpawnsRaftAndAvatar" methodname="HostLocalSpawnsRaftAndAvatar" classname="DriftTogether.Tests.CoopNetworkTests" runstate="Runnable" seed="20365647" result="Passed" start-time="2026-07-18 00:16:09Z" end-time="2026-07-18 00:16:10Z" duration="0.641396" asserts="0">
              <properties>
                <property name="_JOINTYPE" value="UnityCombinatorial" />
                <property name="Timeout" value="120000" />
                <property name="retryIteration" value="0" />
                <property name="repeatIteration" value="0" />
              </properties>
            </test-case>
          </test-suite>
          <test-suite type="TestFixture" id="1003" name="CoopSmokeTests" fullname="DriftTogether.Tests.CoopSmokeTests" classname="DriftTogether.Tests.CoopSmokeTests" runstate="Runnable" testcasecount="1" result="Failed" site="Child" start-time="2026-07-18 00:16:10Z" end-time="2026-07-18 00:30:10Z" duration="840.022401" total="1" passed="0" failed="1" inconclusive="0" skipped="0" asserts="0">
            <properties />
            <failure>
              <message><![CDATA[One or more child tests had errors]]></message>
            </failure>
            <test-case id="1004" name="CoopPlaythroughReachesReport" fullname="DriftTogether.Tests.CoopSmokeTests.CoopPlaythroughReachesReport" methodname="CoopPlaythroughReachesReport" classname="DriftTogether.Tests.CoopSmokeTests" runstate="Runnable" seed="783684758" result="Failed" start-time="2026-07-18 00:16:10Z" end-time="2026-07-18 00:30:10Z" duration="840.010958" asserts="0">
              <properties>
                <property name="_JOINTYPE" value="UnityCombinatorial" />
                <property name="Timeout" value="900000" />
                <property name="retryIteration" value="0" />
                <property name="repeatIteration" value="0" />
              </properties>
              <failure>
                <message><![CDATA[  autopilot raft must reach the finish report
  Expected: True
  But was:  False
]]></message>
                <stack-trace><![CDATA[at DriftTogether.Tests.CoopSmokeTests+<CoopPlaythroughReachesReport>d__0.MoveNext () [0x00096] in /Users/vraiuk/WebstormProjects/drift-together/DriftTogether/Assets/_Project/Tests/PlayMode/CoopNetworkTests.cs:81
at UnityEngine.TestTools.TestEnumerator+<Execute>d__7.MoveNext () [0x0003a] in ./Library/PackageCache/com.unity.test-framework@bd7f943e9647/UnityEngine.TestRunner/NUnitExtensions/Attributes/TestEnumerator.cs:44
]]></stack-trace>
              </failure>
            </test-case>
          </test-suite>
          <test-suite type="TestFixture" id="1005" name="SmokePlaythroughTests" fullname="DriftTogether.Tests.SmokePlaythroughTests" classname="DriftTogether.Tests.SmokePlaythroughTests" runstate="Runnable" testcasecount="1" result="Passed" start-time="2026-07-18 00:30:10Z" end-time="2026-07-18 00:30:43Z" duration="33.547923" total="1" passed="1" failed="0" inconclusive="0" skipped="0" asserts="0">
            <properties />
            <test-case id="1006" name="FullPlaythroughReachesResultsAndReturnsToMenu" fullname="DriftTogether.Tests.SmokePlaythroughTests.FullPlaythroughReachesResultsAndReturnsToMenu" methodname="FullPlaythroughReachesResultsAndReturnsToMenu" classname="DriftTogether.Tests.SmokePlaythroughTests" runstate="Runnable" seed="1633361365" result="Passed" start-time="2026-07-18 00:30:10Z" end-time="2026-07-18 00:30:43Z" duration="33.545826" asserts="0">
              <properties>
                <property name="_JOINTYPE" value="UnityCombinatorial" />
                <property name="Timeout" value="900000" />
                <property name="retryIteration" value="0" />
                <property name="repeatIteration" value="0" />
              </properties>
              <output><![CDATA[Saving results to: /Users/vraiuk/Library/Application Support/DriftTogether/Drift Together/TestResults.xml
]]></output>
            </test-case>
          </test-suite>
        </test-suite>
      </test-suite>
    </test-suite>
  </test-suite>
</test-run>