<?xml version="1.0" encoding="utf-8"?>
<test-run id="2" testcasecount="8" result="Passed" total="8" passed="8" failed="0" inconclusive="0" skipped="0" asserts="0" engine-version="3.5.0.0" clr-version="4.0.30319.42000" start-time="2026-07-17 22:24:32Z" end-time="2026-07-17 22:24:32Z" duration="0.0206766">
  <test-suite type="TestSuite" id="1000" name="Drift Together" fullname="Drift Together" runstate="Runnable" testcasecount="8" result="Passed" start-time="2026-07-17 22:24:32Z" end-time="2026-07-17 22:24:32Z" duration="0.020677" total="8" passed="8" failed="0" inconclusive="0" skipped="0" asserts="0">
    <properties>
      <property name="platform" value="EditMode" />
    </properties>
    <test-suite type="Assembly" id="1014" name="DriftTogether.Tests.EditMode.dll" fullname="/Users/vraiuk/WebstormProjects/drift-together/DriftTogether/Library/ScriptAssemblies/DriftTogether.Tests.EditMode.dll" runstate="Runnable" testcasecount="8" result="Passed" start-time="2026-07-17 22:24:32Z" end-time="2026-07-17 22:24:32Z" duration="0.017394" total="8" passed="8" failed="0" inconclusive="0" skipped="0" asserts="0">
      <properties>
        <property name="_PID" value="66556" />
        <property name="_APPDOMAIN" value="Unity Child Domain" />
        <property name="platform" value="EditMode" />
        <property name="EditorOnly" value="True" />
      </properties>
      <test-suite type="TestSuite" id="1015" name="DriftTogether" fullname="DriftTogether" runstate="Runnable" testcasecount="8" result="Passed" start-time="2026-07-17 22:24:32Z" end-time="2026-07-17 22:24:32Z" duration="0.017217" total="8" passed="8" failed="0" inconclusive="0" skipped="0" asserts="0">
        <properties />
        <test-suite type="TestSuite" id="1016" name="Tests" fullname="DriftTogether.Tests" runstate="Runnable" testcasecount="8" result="Passed" start-time="2026-07-17 22:24:32Z" end-time="2026-07-17 22:24:32Z" duration="0.017074" total="8" passed="8" failed="0" inconclusive="0" skipped="0" asserts="0">
          <properties />
          <test-suite type="TestFixture" id="1005" name="CheckpointSystemTests" fullname="DriftTogether.Tests.CheckpointSystemTests" classname="DriftTogether.Tests.CheckpointSystemTests" runstate="Runnable" testcasecount="1" result="Passed" start-time="2026-07-17 22:24:32Z" end-time="2026-07-17 22:24:32Z" duration="0.012008" total="1" passed="1" failed="0" inconclusive="0" skipped="0" asserts="0">
            <properties />
            <test-case id="1006" name="RespawnUsesTheLatestCheckpoint" fullname="DriftTogether.Tests.CheckpointSystemTests.RespawnUsesTheLatestCheckpoint" methodname="RespawnUsesTheLatestCheckpoint" classname="DriftTogether.Tests.CheckpointSystemTests" runstate="Runnable" seed="1714061788" result="Passed" start-time="2026-07-17 22:24:32Z" end-time="2026-07-17 22:24:32Z" duration="0.006788" asserts="0">
              <properties>
                <property name="retryIteration" value="0" />
                <property name="repeatIteration" value="0" />
              </properties>
            </test-case>
          </test-suite>
          <test-suite type="TestFixture" id="1012" name="DialogueQueueTests" fullname="DriftTogether.Tests.DialogueQueueTests" classname="DriftTogether.Tests.DialogueQueueTests" runstate="Runnable" testcasecount="1" result="Passed" start-time="2026-07-17 22:24:32Z" end-time="2026-07-17 22:24:32Z" duration="0.001853" total="1" passed="1" failed="0" inconclusive="0" skipped="0" asserts="0">
            <properties />
            <test-case id="1013" name="CategoryCooldownPreventsSpam" fullname="DriftTogether.Tests.DialogueQueueTests.CategoryCooldownPreventsSpam" methodname="CategoryCooldownPreventsSpam" classname="DriftTogether.Tests.DialogueQueueTests" runstate="Runnable" seed="898856066" result="Passed" start-time="2026-07-17 22:24:32Z" end-time="2026-07-17 22:24:32Z" duration="0.001457" asserts="0">
              <properties>
                <property name="retryIteration" value="0" />
                <property name="repeatIteration" value="0" />
              </properties>
            </test-case>
          </test-suite>
          <test-suite type="TestFixture" id="1001" name="HullIntegrityTests" fullname="DriftTogether.Tests.HullIntegrityTests" classname="DriftTogether.Tests.HullIntegrityTests" runstate="Runnable" testcasecount="3" result="Passed" start-time="2026-07-17 22:24:32Z" end-time="2026-07-17 22:24:32Z" duration="0.001327" total="3" passed="3" failed="0" inconclusive="0" skipped="0" asserts="0">
            <properties />
            <test-case id="1004" name="BreaksAtZeroAndRestoresToFull" fullname="DriftTogether.Tests.HullIntegrityTests.BreaksAtZeroAndRestoresToFull" methodname="BreaksAtZeroAndRestoresToFull" classname="DriftTogether.Tests.HullIntegrityTests" runstate="Runnable" seed="2080264136" result="Passed" start-time="2026-07-17 22:24:32Z" end-time="2026-07-17 22:24:32Z" duration="0.000675" asserts="0">
              <properties>
                <property name="retryIteration" value="0" />
                <property name="repeatIteration" value="0" />
              </properties>
            </test-case>
            <test-case id="1003" name="InvulnerabilityWindowBlocksImmediateSecondHit" fullname="DriftTogether.Tests.HullIntegrityTests.InvulnerabilityWindowBlocksImmediateSecondHit" methodname="InvulnerabilityWindowBlocksImmediateSecondHit" classname="DriftTogether.Tests.HullIntegrityTests" runstate="Runnable" seed="1946800880" result="Passed" start-time="2026-07-17 22:24:32Z" end-time="2026-07-17 22:24:32Z" duration="0.000124" asserts="0">
              <properties>
                <property name="retryIteration" value="0" />
                <property name="repeatIteration" value="0" />
              </properties>
            </test-case>
            <test-case id="1002" name="StartsAtMaxAndLosesOnePointPerHit" fullname="DriftTogether.Tests.HullIntegrityTests.StartsAtMaxAndLosesOnePointPerHit" methodname="StartsAtMaxAndLosesOnePointPerHit" classname="DriftTogether.Tests.HullIntegrityTests" runstate="Runnable" seed="1137323266" result="Passed" start-time="2026-07-17 22:24:32Z" end-time="2026-07-17 22:24:32Z" duration="0.000053" asserts="0">
              <properties>
                <property name="retryIteration" value="0" />
                <property name="repeatIteration" value="0" />
              </properties>
            </test-case>
          </test-suite>
          <test-suite type="TestFixture" id="1007" name="MushroomTrackerTests" fullname="DriftTogether.Tests.MushroomTrackerTests" classname="DriftTogether.Tests.MushroomTrackerTests" runstate="Runnable" testcasecount="2" result="Passed" start-time="2026-07-17 22:24:32Z" end-time="2026-07-17 22:24:32Z" duration="0.000843" total="2" passed="2" failed="0" inconclusive="0" skipped="0" asserts="0">
            <properties />
            <test-case id="1008" name="CountsEachMushroomOnlyOnce" fullname="DriftTogether.Tests.MushroomTrackerTests.CountsEachMushroomOnlyOnce" methodname="CountsEachMushroomOnlyOnce" classname="DriftTogether.Tests.MushroomTrackerTests" runstate="Runnable" seed="664746444" result="Passed" start-time="2026-07-17 22:24:32Z" end-time="2026-07-17 22:24:32Z" duration="0.000335" asserts="0">
              <properties>
                <property name="retryIteration" value="0" />
                <property name="repeatIteration" value="0" />
              </properties>
            </test-case>
            <test-case id="1009" name="SurvivesRespawnScenario" fullname="DriftTogether.Tests.MushroomTrackerTests.SurvivesRespawnScenario" methodname="SurvivesRespawnScenario" classname="DriftTogether.Tests.MushroomTrackerTests" runstate="Runnable" seed="1619285036" result="Passed" start-time="2026-07-17 22:24:32Z" end-time="2026-07-17 22:24:32Z" duration="0.000064" asserts="0">
              <properties>
                <property name="retryIteration" value="0" />
                <property name="repeatIteration" value="0" />
              </properties>
            </test-case>
          </test-suite>
          <test-suite type="TestFixture" id="1010" name="RunStatsTests" fullname="DriftTogether.Tests.RunStatsTests" classname="DriftTogether.Tests.RunStatsTests" runstate="Runnable" testcasecount="1" result="Passed" start-time="2026-07-17 22:24:32Z" end-time="2026-07-17 22:24:32Z" duration="0.000411" total="1" passed="1" failed="0" inconclusive="0" skipped="0" asserts="0">
            <properties />
            <test-case id="1011" name="RouteChoiceIsStoredForResults" fullname="DriftTogether.Tests.RunStatsTests.RouteChoiceIsStoredForResults" methodname="RouteChoiceIsStoredForResults" classname="DriftTogether.Tests.RunStatsTests" runstate="Runnable" seed="1460763886" result="Passed" start-time="2026-07-17 22:24:32Z" end-time="2026-07-17 22:24:32Z" duration="0.000110" asserts="0">
              <properties>
                <property name="retryIteration" value="0" />
                <property name="repeatIteration" value="0" />
              </properties>
              <output><![CDATA[Saving results to: /Users/vraiuk/Library/Application Support/DriftTogether/Drift Together/TestResults.xml
]]></output>
            </test-case>
          </test-suite>
        </test-suite>
      </test-suite>
    </test-suite>
  </test-suite>
</test-run>