<?xml version="1.0" encoding="utf-8"?>
<test-run id="2" testcasecount="1" result="Passed" total="1" passed="1" failed="0" inconclusive="0" skipped="0" asserts="0" engine-version="3.5.0.0" clr-version="4.0.30319.42000" start-time="2026-07-18 00:37:23Z" end-time="2026-07-18 00:38:57Z" duration="94.0699543">
  <test-suite type="TestSuite" id="1013" name="Drift Together" fullname="Drift Together" runstate="Runnable" testcasecount="3" result="Passed" start-time="2026-07-18 00:37:23Z" end-time="2026-07-18 00:38:57Z" duration="94.069954" total="1" passed="1" failed="0" inconclusive="0" skipped="0" asserts="0">
    <properties>
      <property name="platform" value="PlayMode" />
    </properties>
    <test-suite type="Assembly" id="1007" name="DriftTogether.Tests.PlayMode.dll" fullname="/Users/vraiuk/WebstormProjects/drift-together/DriftTogether/Library/ScriptAssemblies/DriftTogether.Tests.PlayMode.dll" runstate="Runnable" testcasecount="3" result="Passed" start-time="2026-07-18 00:37:23Z" end-time="2026-07-18 00:38:57Z" duration="94.066605" total="1" passed="1" failed="0" inconclusive="0" skipped="0" asserts="0">
      <properties>
        <property name="_PID" value="75996" />
        <property name="_APPDOMAIN" value="Unity Child Domain" />
        <property name="platform" value="PlayMode" />
        <property name="EditorOnly" value="False" />
      </properties>
      <test-suite type="TestSuite" id="1008" name="DriftTogether" fullname="DriftTogether" runstate="Runnable" testcasecount="3" result="Passed" start-time="2026-07-18 00:37:23Z" end-time="2026-07-18 00:38:57Z" duration="94.066302" total="1" passed="1" failed="0" inconclusive="0" skipped="0" asserts="0">
        <properties />
        <test-suite type="TestSuite" id="1009" name="Tests" fullname="DriftTogether.Tests" runstate="Runnable" testcasecount="3" result="Passed" start-time="2026-07-18 00:37:23Z" end-time="2026-07-18 00:38:57Z" duration="94.066036" total="1" passed="1" failed="0" inconclusive="0" skipped="0" asserts="0">
          <properties />
          <test-suite type="TestFixture" id="1003" name="CoopSmokeTests" fullname="DriftTogether.Tests.CoopSmokeTests" classname="DriftTogether.Tests.CoopSmokeTests" runstate="Runnable" testcasecount="1" result="Passed" start-time="2026-07-18 00:37:23Z" end-time="2026-07-18 00:38:57Z" duration="94.065431" total="1" passed="1" failed="0" inconclusive="0" skipped="0" asserts="0">
            <properties />
            <test-case id="1004" name="CoopPlaythroughReachesReport" fullname="DriftTogether.Tests.CoopSmokeTests.CoopPlaythroughReachesReport" methodname="CoopPlaythroughReachesReport" classname="DriftTogether.Tests.CoopSmokeTests" runstate="Runnable" seed="1519157698" result="Passed" start-time="2026-07-18 00:37:23Z" end-time="2026-07-18 00:38:57Z" duration="94.061062" asserts="0">
              <properties>
                <property name="_JOINTYPE" value="UnityCombinatorial" />
                <property name="Timeout" value="900000" />
                <property name="retryIteration" value="0" />
                <property name="repeatIteration" value="0" />
              </properties>
              <output><![CDATA[[SmokeCoop] pos=(0.00, 0.00, 4.00) wp=0/111 hull=5 vel=0.0
[SmokeCoop] pos=(7.17, 0.13, 174.64) wp=31/111 hull=3 vel=5.6
[SmokeCoop] pos=(24.07, 0.06, 381.20) wp=59/111 hull=0 vel=0.0
[SmokeCoop] pos=(7.75, 0.15, 528.42) wp=79/111 hull=5 vel=4.1
[SmokeCoop] pos=(3.03, 0.20, 527.29) wp=79/111 hull=5 vel=2.3
[SmokeCoop] pos=(4.92, 0.08, 530.70) wp=80/111 hull=5 vel=0.0
[SmokeCoop] pos=(1.38, 0.09, 656.98) wp=98/111 hull=4 vel=5.6
Saving results to: /Users/vraiuk/Library/Application Support/DriftTogether/Drift Together/TestResults.xml
]]></output>
            </test-case>
          </test-suite>
        </test-suite>
      </test-suite>
    </test-suite>
  </test-suite>
</test-run>