<?xml version="1.0" encoding="utf-8"?>
<test-run id="2" testcasecount="21" result="Passed" total="21" passed="21" failed="0" inconclusive="0" skipped="0" asserts="0" engine-version="3.5.0.0" clr-version="4.0.30319.42000" start-time="2026-07-18 00:39:31Z" end-time="2026-07-18 00:39:31Z" duration="0.023757">
  <test-suite type="TestSuite" id="1000" name="Drift Together" fullname="Drift Together" runstate="Runnable" testcasecount="21" result="Passed" start-time="2026-07-18 00:39:31Z" end-time="2026-07-18 00:39:31Z" duration="0.023757" total="21" passed="21" failed="0" inconclusive="0" skipped="0" asserts="0">
    <properties>
      <property name="platform" value="EditMode" />
    </properties>
    <test-suite type="Assembly" id="1031" name="DriftTogether.Tests.EditMode.dll" fullname="/Users/vraiuk/WebstormProjects/drift-together/DriftTogether/Library/ScriptAssemblies/DriftTogether.Tests.EditMode.dll" runstate="Runnable" testcasecount="21" result="Passed" start-time="2026-07-18 00:39:31Z" end-time="2026-07-18 00:39:31Z" duration="0.020744" total="21" passed="21" failed="0" inconclusive="0" skipped="0" asserts="0">
      <properties>
        <property name="_PID" value="76189" />
        <property name="_APPDOMAIN" value="Unity Child Domain" />
        <property name="platform" value="EditMode" />
        <property name="EditorOnly" value="True" />
      </properties>
      <test-suite type="TestSuite" id="1032" name="DriftTogether" fullname="DriftTogether" runstate="Runnable" testcasecount="21" result="Passed" start-time="2026-07-18 00:39:31Z" end-time="2026-07-18 00:39:31Z" duration="0.020541" total="21" passed="21" failed="0" inconclusive="0" skipped="0" asserts="0">
        <properties />
        <test-suite type="TestSuite" id="1033" name="Tests" fullname="DriftTogether.Tests" runstate="Runnable" testcasecount="21" result="Passed" start-time="2026-07-18 00:39:31Z" end-time="2026-07-18 00:39:31Z" duration="0.020411" total="21" passed="21" failed="0" inconclusive="0" skipped="0" asserts="0">
          <properties />
          <test-suite type="TestFixture" id="1022" name="CheckpointSystemTests" fullname="DriftTogether.Tests.CheckpointSystemTests" classname="DriftTogether.Tests.CheckpointSystemTests" runstate="Runnable" testcasecount="1" result="Passed" start-time="2026-07-18 00:39:31Z" end-time="2026-07-18 00:39:31Z" duration="0.010405" total="1" passed="1" failed="0" inconclusive="0" skipped="0" asserts="0">
            <properties />
            <test-case id="1023" name="RespawnUsesTheLatestCheckpoint" fullname="DriftTogether.Tests.CheckpointSystemTests.RespawnUsesTheLatestCheckpoint" methodname="RespawnUsesTheLatestCheckpoint" classname="DriftTogether.Tests.CheckpointSystemTests" runstate="Runnable" seed="669224259" result="Passed" start-time="2026-07-18 00:39:31Z" end-time="2026-07-18 00:39:31Z" duration="0.006034" asserts="0">
              <properties>
                <property name="retryIteration" value="0" />
                <property name="repeatIteration" value="0" />
              </properties>
            </test-case>
          </test-suite>
          <test-suite type="TestFixture" id="1001" name="CoopStatsTests" fullname="DriftTogether.Tests.CoopStatsTests" classname="DriftTogether.Tests.CoopStatsTests" runstate="Runnable" testcasecount="4" result="Passed" start-time="2026-07-18 00:39:31Z" end-time="2026-07-18 00:39:31Z" duration="0.002292" total="4" passed="4" failed="0" inconclusive="0" skipped="0" asserts="0">
            <properties />
            <test-case id="1003" name="DryNominationListsOnlyDryPlayers" fullname="DriftTogether.Tests.CoopStatsTests.DryNominationListsOnlyDryPlayers" methodname="DryNominationListsOnlyDryPlayers" classname="DriftTogether.Tests.CoopStatsTests" runstate="Runnable" seed="1734443287" result="Passed" start-time="2026-07-18 00:39:31Z" end-time="2026-07-18 00:39:31Z" duration="0.001285" asserts="0">
              <properties>
                <property name="retryIteration" value="0" />
                <property name="repeatIteration" value="0" />
              </properties>
            </test-case>
            <test-case id="1004" name="EmptyMetricsProduceNoNomination" fullname="DriftTogether.Tests.CoopStatsTests.EmptyMetricsProduceNoNomination" methodname="EmptyMetricsProduceNoNomination" classname="DriftTogether.Tests.CoopStatsTests" runstate="Runnable" seed="1795208427" result="Passed" start-time="2026-07-18 00:39:31Z" end-time="2026-07-18 00:39:31Z" duration="0.000262" asserts="0">
              <properties>
                <property name="retryIteration" value="0" />
                <property name="repeatIteration" value="0" />
              </properties>
            </test-case>
            <test-case id="1002" name="NominationsPickMaxPerCategory" fullname="DriftTogether.Tests.CoopStatsTests.NominationsPickMaxPerCategory" methodname="NominationsPickMaxPerCategory" classname="DriftTogether.Tests.CoopStatsTests" runstate="Runnable" seed="1514549390" result="Passed" start-time="2026-07-18 00:39:31Z" end-time="2026-07-18 00:39:31Z" duration="0.000146" asserts="0">
              <properties>
                <property name="retryIteration" value="0" />
                <property name="repeatIteration" value="0" />
              </properties>
            </test-case>
            <test-case id="1005" name="PlayersGetStableNamesById" fullname="DriftTogether.Tests.CoopStatsTests.PlayersGetStableNamesById" methodname="PlayersGetStableNamesById" classname="DriftTogether.Tests.CoopStatsTests" runstate="Runnable" seed="2054087879" result="Passed" start-time="2026-07-18 00:39:31Z" end-time="2026-07-18 00:39:31Z" duration="0.000139" asserts="0">
              <properties>
                <property name="retryIteration" value="0" />
                <property name="repeatIteration" value="0" />
              </properties>
            </test-case>
          </test-suite>
          <test-suite type="TestFixture" id="1029" name="DialogueQueueTests" fullname="DriftTogether.Tests.DialogueQueueTests" classname="DriftTogether.Tests.DialogueQueueTests" runstate="Runnable" testcasecount="1" result="Passed" start-time="2026-07-18 00:39:31Z" end-time="2026-07-18 00:39:31Z" duration="0.001726" total="1" passed="1" failed="0" inconclusive="0" skipped="0" asserts="0">
            <properties />
            <test-case id="1030" name="CategoryCooldownPreventsSpam" fullname="DriftTogether.Tests.DialogueQueueTests.CategoryCooldownPreventsSpam" methodname="CategoryCooldownPreventsSpam" classname="DriftTogether.Tests.DialogueQueueTests" runstate="Runnable" seed="122281835" result="Passed" start-time="2026-07-18 00:39:31Z" end-time="2026-07-18 00:39:31Z" duration="0.001350" asserts="0">
              <properties>
                <property name="retryIteration" value="0" />
                <property name="repeatIteration" value="0" />
              </properties>
            </test-case>
          </test-suite>
          <test-suite type="TestFixture" id="1016" name="HullIntegrityMaxPointsTests" fullname="DriftTogether.Tests.HullIntegrityMaxPointsTests" classname="DriftTogether.Tests.HullIntegrityMaxPointsTests" runstate="Runnable" testcasecount="1" result="Passed" start-time="2026-07-18 00:39:31Z" end-time="2026-07-18 00:39:31Z" duration="0.000709" total="1" passed="1" failed="0" inconclusive="0" skipped="0" asserts="0">
            <properties />
            <test-case id="1017" name="CustomMaxPointsWorkForRaft" fullname="DriftTogether.Tests.HullIntegrityMaxPointsTests.CustomMaxPointsWorkForRaft" methodname="CustomMaxPointsWorkForRaft" classname="DriftTogether.Tests.HullIntegrityMaxPointsTests" runstate="Runnable" seed="1913389553" result="Passed" start-time="2026-07-18 00:39:31Z" end-time="2026-07-18 00:39:31Z" duration="0.000438" asserts="0">
              <properties>
                <property name="retryIteration" value="0" />
                <property name="repeatIteration" value="0" />
              </properties>
            </test-case>
          </test-suite>
          <test-suite type="TestFixture" id="1018" name="HullIntegrityTests" fullname="DriftTogether.Tests.HullIntegrityTests" classname="DriftTogether.Tests.HullIntegrityTests" runstate="Runnable" testcasecount="3" result="Passed" start-time="2026-07-18 00:39:31Z" end-time="2026-07-18 00:39:31Z" duration="0.000664" total="3" passed="3" failed="0" inconclusive="0" skipped="0" asserts="0">
            <properties />
            <test-case id="1021" name="BreaksAtZeroAndRestoresToFull" fullname="DriftTogether.Tests.HullIntegrityTests.BreaksAtZeroAndRestoresToFull" methodname="BreaksAtZeroAndRestoresToFull" classname="DriftTogether.Tests.HullIntegrityTests" runstate="Runnable" seed="1941722793" result="Passed" start-time="2026-07-18 00:39:31Z" end-time="2026-07-18 00:39:31Z" duration="0.000152" asserts="0">
              <properties>
                <property name="retryIteration" value="0" />
                <property name="repeatIteration" value="0" />
              </properties>
            </test-case>
            <test-case id="1020" name="InvulnerabilityWindowBlocksImmediateSecondHit" fullname="DriftTogether.Tests.HullIntegrityTests.InvulnerabilityWindowBlocksImmediateSecondHit" methodname="InvulnerabilityWindowBlocksImmediateSecondHit" classname="DriftTogether.Tests.HullIntegrityTests" runstate="Runnable" seed="371441989" result="Passed" start-time="2026-07-18 00:39:31Z" end-time="2026-07-18 00:39:31Z" duration="0.000078" asserts="0">
              <properties>
                <property name="retryIteration" value="0" />
                <property name="repeatIteration" value="0" />
              </properties>
            </test-case>
            <test-case id="1019" name="StartsAtMaxAndLosesOnePointPerHit" fullname="DriftTogether.Tests.HullIntegrityTests.StartsAtMaxAndLosesOnePointPerHit" methodname="StartsAtMaxAndLosesOnePointPerHit" classname="DriftTogether.Tests.HullIntegrityTests" runstate="Runnable" seed="188133240" result="Passed" start-time="2026-07-18 00:39:31Z" end-time="2026-07-18 00:39:31Z" duration="0.000047" asserts="0">
              <properties>
                <property name="retryIteration" value="0" />
                <property name="repeatIteration" value="0" />
              </properties>
            </test-case>
          </test-suite>
          <test-suite type="TestFixture" id="1024" name="MushroomTrackerTests" fullname="DriftTogether.Tests.MushroomTrackerTests" classname="DriftTogether.Tests.MushroomTrackerTests" runstate="Runnable" testcasecount="2" result="Passed" start-time="2026-07-18 00:39:31Z" end-time="2026-07-18 00:39:31Z" duration="0.000571" total="2" passed="2" failed="0" inconclusive="0" skipped="0" asserts="0">
            <properties />
            <test-case id="1025" name="CountsEachMushroomOnlyOnce" fullname="DriftTogether.Tests.MushroomTrackerTests.CountsEachMushroomOnlyOnce" methodname="CountsEachMushroomOnlyOnce" classname="DriftTogether.Tests.MushroomTrackerTests" runstate="Runnable" seed="1106095329" result="Passed" start-time="2026-07-18 00:39:31Z" end-time="2026-07-18 00:39:31Z" duration="0.000278" asserts="0">
              <properties>
                <property name="retryIteration" value="0" />
                <property name="repeatIteration" value="0" />
              </properties>
            </test-case>
            <test-case id="1026" name="SurvivesRespawnScenario" fullname="DriftTogether.Tests.MushroomTrackerTests.SurvivesRespawnScenario" methodname="SurvivesRespawnScenario" classname="DriftTogether.Tests.MushroomTrackerTests" runstate="Runnable" seed="931246803" result="Passed" start-time="2026-07-18 00:39:31Z" end-time="2026-07-18 00:39:31Z" duration="0.000053" asserts="0">
              <properties>
                <property name="retryIteration" value="0" />
                <property name="repeatIteration" value="0" />
              </properties>
            </test-case>
          </test-suite>
          <test-suite type="TestFixture" id="1006" name="PostSystemTests" fullname="DriftTogether.Tests.PostSystemTests" classname="DriftTogether.Tests.PostSystemTests" runstate="Runnable" testcasecount="4" result="Passed" start-time="2026-07-18 00:39:31Z" end-time="2026-07-18 00:39:31Z" duration="0.001767" total="4" passed="4" failed="0" inconclusive="0" skipped="0" asserts="0">
            <properties />
            <test-case id="1010" name="NonePostCannotBeOccupied" fullname="DriftTogether.Tests.PostSystemTests.NonePostCannotBeOccupied" methodname="NonePostCannotBeOccupied" classname="DriftTogether.Tests.PostSystemTests" runstate="Runnable" seed="348798473" result="Passed" start-time="2026-07-18 00:39:31Z" end-time="2026-07-18 00:39:31Z" duration="0.000067" asserts="0">
              <properties>
                <property name="retryIteration" value="0" />
                <property name="repeatIteration" value="0" />
              </properties>
            </test-case>
            <test-case id="1007" name="OnePlayerPerPost" fullname="DriftTogether.Tests.PostSystemTests.OnePlayerPerPost" methodname="OnePlayerPerPost" classname="DriftTogether.Tests.PostSystemTests" runstate="Runnable" seed="229538826" result="Passed" start-time="2026-07-18 00:39:31Z" end-time="2026-07-18 00:39:31Z" duration="0.000893" asserts="0">
              <properties>
                <property name="retryIteration" value="0" />
                <property name="repeatIteration" value="0" />
              </properties>
            </test-case>
            <test-case id="1009" name="ReleaseAllOnOverboard" fullname="DriftTogether.Tests.PostSystemTests.ReleaseAllOnOverboard" methodname="ReleaseAllOnOverboard" classname="DriftTogether.Tests.PostSystemTests" runstate="Runnable" seed="323620734" result="Passed" start-time="2026-07-18 00:39:31Z" end-time="2026-07-18 00:39:31Z" duration="0.000316" asserts="0">
              <properties>
                <property name="retryIteration" value="0" />
                <property name="repeatIteration" value="0" />
              </properties>
            </test-case>
            <test-case id="1008" name="SwitchingPostsReleasesThePreviousOne" fullname="DriftTogether.Tests.PostSystemTests.SwitchingPostsReleasesThePreviousOne" methodname="SwitchingPostsReleasesThePreviousOne" classname="DriftTogether.Tests.PostSystemTests" runstate="Runnable" seed="523673780" result="Passed" start-time="2026-07-18 00:39:31Z" end-time="2026-07-18 00:39:31Z" duration="0.000073" asserts="0">
              <properties>
                <property name="retryIteration" value="0" />
                <property name="repeatIteration" value="0" />
              </properties>
            </test-case>
          </test-suite>
          <test-suite type="TestFixture" id="1027" name="RunStatsTests" fullname="DriftTogether.Tests.RunStatsTests" classname="DriftTogether.Tests.RunStatsTests" runstate="Runnable" testcasecount="1" result="Passed" start-time="2026-07-18 00:39:31Z" end-time="2026-07-18 00:39:31Z" duration="0.000356" total="1" passed="1" failed="0" inconclusive="0" skipped="0" asserts="0">
            <properties />
            <test-case id="1028" name="RouteChoiceIsStoredForResults" fullname="DriftTogether.Tests.RunStatsTests.RouteChoiceIsStoredForResults" methodname="RouteChoiceIsStoredForResults" classname="DriftTogether.Tests.RunStatsTests" runstate="Runnable" seed="2006631769" result="Passed" start-time="2026-07-18 00:39:31Z" end-time="2026-07-18 00:39:31Z" duration="0.000119" asserts="0">
              <properties>
                <property name="retryIteration" value="0" />
                <property name="repeatIteration" value="0" />
              </properties>
            </test-case>
          </test-suite>
          <test-suite type="TestFixture" id="1011" name="WetStatusTests" fullname="DriftTogether.Tests.WetStatusTests" classname="DriftTogether.Tests.WetStatusTests" runstate="Runnable" testcasecount="4" result="Passed" start-time="2026-07-18 00:39:31Z" end-time="2026-07-18 00:39:31Z" duration="0.001268" total="4" passed="4" failed="0" inconclusive="0" skipped="0" asserts="0">
            <properties />
            <test-case id="1014" name="CampfireDriesFourTimesFaster" fullname="DriftTogether.Tests.WetStatusTests.CampfireDriesFourTimesFaster" methodname="CampfireDriesFourTimesFaster" classname="DriftTogether.Tests.WetStatusTests" runstate="Runnable" seed="1115682273" result="Passed" start-time="2026-07-18 00:39:31Z" end-time="2026-07-18 00:39:31Z" duration="0.000102" asserts="0">
              <properties>
                <property name="retryIteration" value="0" />
                <property name="repeatIteration" value="0" />
              </properties>
            </test-case>
            <test-case id="1013" name="DriesInSixtySecondsAwayFromFire" fullname="DriftTogether.Tests.WetStatusTests.DriesInSixtySecondsAwayFromFire" methodname="DriesInSixtySecondsAwayFromFire" classname="DriftTogether.Tests.WetStatusTests" runstate="Runnable" seed="1164900348" result="Passed" start-time="2026-07-18 00:39:31Z" end-time="2026-07-18 00:39:31Z" duration="0.000305" asserts="0">
              <properties>
                <property name="retryIteration" value="0" />
                <property name="repeatIteration" value="0" />
              </properties>
            </test-case>
            <test-case id="1015" name="ResoakResetsTimerAndAccumulatesTotal" fullname="DriftTogether.Tests.WetStatusTests.ResoakResetsTimerAndAccumulatesTotal" methodname="ResoakResetsTimerAndAccumulatesTotal" classname="DriftTogether.Tests.WetStatusTests" runstate="Runnable" seed="1824037132" result="Passed" start-time="2026-07-18 00:39:31Z" end-time="2026-07-18 00:39:31Z" duration="0.000383" asserts="0">
              <properties>
                <property name="retryIteration" value="0" />
                <property name="repeatIteration" value="0" />
              </properties>
            </test-case>
            <test-case id="1012" name="SoakMakesWetAndSlow" fullname="DriftTogether.Tests.WetStatusTests.SoakMakesWetAndSlow" methodname="SoakMakesWetAndSlow" classname="DriftTogether.Tests.WetStatusTests" runstate="Runnable" seed="1088181698" result="Passed" start-time="2026-07-18 00:39:31Z" end-time="2026-07-18 00:39:31Z" duration="0.000056" asserts="0">
              <properties>
                <property name="retryIteration" value="0" />
                <property name="repeatIteration" value="0" />
              </properties>
              <output><![CDATA[Saving results to: /Users/vraiuk/Library/Application Support/DriftTogether/Drift Together/TestResults.xml
]]></output>
            </test-case>
          </test-suite>
        </test-suite>
      </test-suite>
    </test-suite>
  </test-suite>
</test-run>